2022-03-31 11:42:03,608 [INFO] Activator:176 - 


2022-03-31 11:42:03,609 [INFO] Activator:177 - !SESSION log4j initialized
2022-03-31 11:42:05,664 [INFO] ApplicationProperties:181 - Using Application install path: C:\ST\STM32CubeIDE_1.2.0\STM32CubeIDE\plugins\com.st.stm32cube.common.mx_5.5.0.201912201511
2022-03-31 11:42:05,677 [INFO] DbMcusXml:69 - Set database path to: C:\ST\STM32CubeIDE_1.2.0\STM32CubeIDE\plugins\com.st.stm32cube.common.mx_5.5.0.201912201511\\db\/mcu/
2022-03-31 11:42:05,681 [INFO] DbBoardsPdsc:54 - Set plugin database path to: C:\ST\STM32CubeIDE_1.2.0\STM32CubeIDE\plugins\com.st.stm32cube.common.mx_5.5.0.201912201511\\db\/plugins/boardmanager/
2022-03-31 11:42:05,681 [INFO] DbMcus:264 - Set plugin images path to: C:\ST\STM32CubeIDE_1.2.0\STM32CubeIDE\plugins\com.st.stm32cube.common.mx_5.5.0.201912201511\\db\/plugins/mcufinder/images/
2022-03-31 11:42:05,682 [INFO] DbBoards:232 - Set plugin images path to: C:\ST\STM32CubeIDE_1.2.0\STM32CubeIDE\plugins\com.st.stm32cube.common.mx_5.5.0.201912201511\\db\/plugins/mcufinder/images/
2022-03-31 11:42:05,683 [INFO] APIGFXSelector:72 - Set database path to: C:\ST\STM32CubeIDE_1.2.0\STM32CubeIDE\plugins\com.st.stm32cube.common.mx_5.5.0.201912201511\\db\/plugins/mcufinder/mcu/
2022-03-31 11:42:05,687 [INFO] DbMcusAds:72 - Set database path to: C:\Users\user\.stmcufinder\plugins\mcufinder//mcu/
2022-03-31 11:42:05,688 [INFO] DbMcusDocs:92 - Set database path to: C:\Users\user\.stmcufinder\plugins\mcufinder//mcu/
2022-03-31 11:42:05,690 [INFO] DbMcusJson:59 - Set database path to: C:\Users\user\.stmcufinder\plugins\mcufinder//mcu/
2022-03-31 11:42:05,690 [INFO] DbBoardsDocs:84 - Set database path to: C:\Users\user\.stmcufinder\plugins\mcufinder//mcu/
2022-03-31 11:42:05,691 [INFO] DbBoardsJson:51 - Set database path to: C:\Users\user\.stmcufinder\plugins\mcufinder//mcu/
2022-03-31 11:42:05,722 [INFO] CrossReferenceDbSqlite:197 - Set database path to: C:\Users\user\.stmcufinder\plugins\mcufinder//mcu/cs/
2022-03-31 11:42:05,781 [INFO] RulesReader:52 - Compatibility file has been processed (205 Rules)
2022-03-31 11:42:05,830 [INFO] MicroXplorer:570 - Detected Java Version = 1.8.0_202
2022-03-31 11:42:05,830 [INFO] DbMcusXml:69 - Set database path to: C:\ST\STM32CubeIDE_1.2.0\STM32CubeIDE\plugins\com.st.stm32cube.common.mx_5.5.0.201912201511\\db\/mcu/
2022-03-31 11:42:05,831 [INFO] DbBoardsPdsc:54 - Set plugin database path to: C:\ST\STM32CubeIDE_1.2.0\STM32CubeIDE\plugins\com.st.stm32cube.common.mx_5.5.0.201912201511\\db\/plugins/boardmanager/
2022-03-31 11:42:05,831 [INFO] DbMcus:264 - Set plugin images path to: C:\ST\STM32CubeIDE_1.2.0\STM32CubeIDE\plugins\com.st.stm32cube.common.mx_5.5.0.201912201511\\db\/plugins/mcufinder/images/
2022-03-31 11:42:05,831 [INFO] DbBoards:232 - Set plugin images path to: C:\ST\STM32CubeIDE_1.2.0\STM32CubeIDE\plugins\com.st.stm32cube.common.mx_5.5.0.201912201511\\db\/plugins/mcufinder/images/
2022-03-31 11:42:05,831 [INFO] APIGFXSelector:72 - Set database path to: C:\ST\STM32CubeIDE_1.2.0\STM32CubeIDE\plugins\com.st.stm32cube.common.mx_5.5.0.201912201511\\db\/plugins/mcufinder/mcu/
2022-03-31 11:42:05,832 [WARN] DbFile:31 - Overriding database path with different value: C:\Users\user\.stmcufinder\plugins\mcufinder/ => C:\Users\user\.stmcufinder\plugins\mcufinder
2022-03-31 11:42:05,832 [INFO] DbMcusAds:72 - Set database path to: C:\Users\user\.stmcufinder\plugins\mcufinder//mcu/
2022-03-31 11:42:05,832 [WARN] DbFile:31 - Overriding database path with different value: C:\Users\user\.stmcufinder\plugins\mcufinder/ => C:\Users\user\.stmcufinder\plugins\mcufinder
2022-03-31 11:42:05,832 [INFO] DbMcusDocs:92 - Set database path to: C:\Users\user\.stmcufinder\plugins\mcufinder//mcu/
2022-03-31 11:42:05,832 [WARN] DbFile:31 - Overriding database path with different value: C:\Users\user\.stmcufinder\plugins\mcufinder/ => C:\Users\user\.stmcufinder\plugins\mcufinder
2022-03-31 11:42:05,832 [INFO] DbMcusJson:59 - Set database path to: C:\Users\user\.stmcufinder\plugins\mcufinder//mcu/
2022-03-31 11:42:05,832 [WARN] DbFile:31 - Overriding database path with different value: C:\Users\user\.stmcufinder\plugins\mcufinder/ => C:\Users\user\.stmcufinder\plugins\mcufinder
2022-03-31 11:42:05,832 [INFO] DbBoardsDocs:84 - Set database path to: C:\Users\user\.stmcufinder\plugins\mcufinder//mcu/
2022-03-31 11:42:05,833 [WARN] DbFile:31 - Overriding database path with different value: C:\Users\user\.stmcufinder\plugins\mcufinder/ => C:\Users\user\.stmcufinder\plugins\mcufinder
2022-03-31 11:42:05,833 [INFO] DbBoardsJson:51 - Set database path to: C:\Users\user\.stmcufinder\plugins\mcufinder//mcu/
2022-03-31 11:42:05,833 [WARN] DbFile:31 - Overriding database path with different value: C:\Users\user\.stmcufinder\plugins\mcufinder/ => C:\Users\user\.stmcufinder\plugins\mcufinder
2022-03-31 11:42:05,833 [WARN] DbFile:31 - Overriding database path with different value: C:\Users\user\.stmcufinder\plugins\mcufinder/ => C:\Users\user\.stmcufinder\plugins\mcufinder
2022-03-31 11:42:05,833 [INFO] CrossReferenceDbSqlite:197 - Set database path to: C:\Users\user\.stmcufinder\plugins\mcufinder//mcu/cs/
2022-03-31 11:42:05,870 [INFO] MainPanel:180 - HeapMemory: 268435456
2022-03-31 11:42:05,915 [INFO] DbMcusXml:69 - Set database path to: C:\ST\STM32CubeIDE_1.2.0\STM32CubeIDE\plugins\com.st.stm32cube.common.mx_5.5.0.201912201511\\db\/mcu/
2022-03-31 11:42:05,915 [INFO] DbBoardsPdsc:54 - Set plugin database path to: C:\ST\STM32CubeIDE_1.2.0\STM32CubeIDE\plugins\com.st.stm32cube.common.mx_5.5.0.201912201511\\db\/plugins/boardmanager/
2022-03-31 11:42:05,915 [INFO] DbMcus:264 - Set plugin images path to: C:\ST\STM32CubeIDE_1.2.0\STM32CubeIDE\plugins\com.st.stm32cube.common.mx_5.5.0.201912201511\\db\/plugins/mcufinder/images/
2022-03-31 11:42:05,915 [INFO] DbBoards:232 - Set plugin images path to: C:\ST\STM32CubeIDE_1.2.0\STM32CubeIDE\plugins\com.st.stm32cube.common.mx_5.5.0.201912201511\\db\/plugins/mcufinder/images/
2022-03-31 11:42:05,915 [INFO] APIGFXSelector:72 - Set database path to: C:\ST\STM32CubeIDE_1.2.0\STM32CubeIDE\plugins\com.st.stm32cube.common.mx_5.5.0.201912201511\\db\/plugins/mcufinder/mcu/
2022-03-31 11:42:05,916 [WARN] DbFile:31 - Overriding database path with different value: C:\Users\user\.stmcufinder\plugins\mcufinder/ => C:\Users\user\.stmcufinder\plugins\mcufinder
2022-03-31 11:42:05,916 [INFO] DbMcusAds:72 - Set database path to: C:\Users\user\.stmcufinder\plugins\mcufinder//mcu/
2022-03-31 11:42:05,916 [WARN] DbFile:31 - Overriding database path with different value: C:\Users\user\.stmcufinder\plugins\mcufinder/ => C:\Users\user\.stmcufinder\plugins\mcufinder
2022-03-31 11:42:05,916 [INFO] DbMcusDocs:92 - Set database path to: C:\Users\user\.stmcufinder\plugins\mcufinder//mcu/
2022-03-31 11:42:05,916 [WARN] DbFile:31 - Overriding database path with different value: C:\Users\user\.stmcufinder\plugins\mcufinder/ => C:\Users\user\.stmcufinder\plugins\mcufinder
2022-03-31 11:42:05,916 [INFO] DbMcusJson:59 - Set database path to: C:\Users\user\.stmcufinder\plugins\mcufinder//mcu/
2022-03-31 11:42:05,916 [WARN] DbFile:31 - Overriding database path with different value: C:\Users\user\.stmcufinder\plugins\mcufinder/ => C:\Users\user\.stmcufinder\plugins\mcufinder
2022-03-31 11:42:05,916 [INFO] DbBoardsDocs:84 - Set database path to: C:\Users\user\.stmcufinder\plugins\mcufinder//mcu/
2022-03-31 11:42:05,916 [WARN] DbFile:31 - Overriding database path with different value: C:\Users\user\.stmcufinder\plugins\mcufinder/ => C:\Users\user\.stmcufinder\plugins\mcufinder
2022-03-31 11:42:05,917 [INFO] DbBoardsJson:51 - Set database path to: C:\Users\user\.stmcufinder\plugins\mcufinder//mcu/
2022-03-31 11:42:05,917 [WARN] DbFile:31 - Overriding database path with different value: C:\Users\user\.stmcufinder\plugins\mcufinder/ => C:\Users\user\.stmcufinder\plugins\mcufinder
2022-03-31 11:42:05,917 [WARN] DbFile:31 - Overriding database path with different value: C:\Users\user\.stmcufinder\plugins\mcufinder/ => C:\Users\user\.stmcufinder\plugins\mcufinder
2022-03-31 11:42:05,917 [INFO] CrossReferenceDbSqlite:197 - Set database path to: C:\Users\user\.stmcufinder\plugins\mcufinder//mcu/cs/
2022-03-31 11:42:05,927 [INFO] ApplicationProperties:181 - Using Application install path: C:\ST\STM32CubeIDE_1.2.0\STM32CubeIDE\plugins\com.st.stm32cube.common.mx_5.5.0.201912201511
2022-03-31 11:42:05,928 [INFO] PluginManage:178 - Search for loadable plugins [exclusion list=]
2022-03-31 11:42:05,928 [INFO] PluginManage:292 - Check plugin analytics
2022-03-31 11:42:05,932 [INFO] PluginManage:342 - Loaded plugin analytics (category:tool,tabindex:-1)
2022-03-31 11:42:05,932 [INFO] PluginManage:292 - Check plugin clock
2022-03-31 11:42:05,938 [INFO] PluginManage:342 - Loaded plugin clock (category:base,tabindex:2)
2022-03-31 11:42:05,938 [INFO] PluginManage:292 - Check plugin ddr
2022-03-31 11:42:05,939 [INFO] PluginManage:342 - Loaded plugin ddr (category:tool,tabindex:6)
2022-03-31 11:42:05,940 [INFO] PluginManage:292 - Check plugin filemanager
2022-03-31 11:42:06,005 [INFO] PluginManage:342 - Loaded plugin filemanager (category:base,tabindex:10)
2022-03-31 11:42:06,005 [INFO] PluginManage:292 - Check plugin ipmanager
2022-03-31 11:42:06,009 [INFO] PluginManage:342 - Loaded plugin ipmanager (category:base,tabindex:5)
2022-03-31 11:42:06,009 [INFO] PluginManage:292 - Check plugin pinoutandconfiguration
2022-03-31 11:42:06,014 [INFO] PluginManage:342 - Loaded plugin pinoutandconfiguration (category:base,tabindex:1)
2022-03-31 11:42:06,014 [INFO] PluginManage:292 - Check plugin pinoutconfig
2022-03-31 11:42:06,025 [INFO] PluginManage:342 - Loaded plugin pinoutconfig (category:base,tabindex:0)
2022-03-31 11:42:06,025 [INFO] PluginManage:292 - Check plugin power
2022-03-31 11:42:06,030 [INFO] PluginManage:342 - Loaded plugin power (category:power,tabindex:4)
2022-03-31 11:42:06,030 [INFO] PluginManage:292 - Check plugin projectmanager
2022-03-31 11:42:06,038 [INFO] PluginManage:342 - Loaded plugin projectmanager (category:projectmanager,tabindex:3)
2022-03-31 11:42:06,038 [INFO] PluginManage:292 - Check plugin thirdparty
2022-03-31 11:42:06,101 [INFO] ThirdPartyDb:295 - Open Third Party DataBase File (C:/Users/user/.stm32cubemx/plugins/thirdparty/db/thirdparties_db.xml) : 42 ms. number of Sw pack : 26
2022-03-31 11:42:06,108 [INFO] PluginManage:342 - Loaded plugin thirdparty (category:base,tabindex:-1)
2022-03-31 11:42:06,108 [INFO] PluginManage:292 - Check plugin tools
2022-03-31 11:42:06,110 [INFO] PluginManage:342 - Loaded plugin tools (category:base,tabindex:7)
2022-03-31 11:42:06,110 [INFO] PluginManage:292 - Check plugin updater
2022-03-31 11:42:06,120 [INFO] PluginManage:342 - Loaded plugin updater (category:base,tabindex:12)
2022-03-31 11:42:06,121 [INFO] PluginManage:265 - PluginManage : Loaded plugins [12]
2022-03-31 11:42:06,277 [INFO] PinOutPanel:1399 - setPackage(No Configuration,No Configuration)
2022-03-31 11:42:06,328 [INFO] IPUIPlugin:65 - create IPUIPlugin
2022-03-31 11:42:06,329 [INFO] PluginManager:200 - loadIPPluginJar : add adc
2022-03-31 11:42:06,331 [INFO] IPUIPlugin:65 - create IPUIPlugin
2022-03-31 11:42:06,331 [INFO] PluginManager:200 - loadIPPluginJar : add aes
2022-03-31 11:42:06,333 [INFO] IPUIPlugin:65 - create IPUIPlugin
2022-03-31 11:42:06,333 [INFO] PluginManager:200 - loadIPPluginJar : add can
2022-03-31 11:42:06,334 [INFO] IPUIPlugin:65 - create IPUIPlugin
2022-03-31 11:42:06,335 [INFO] PluginManager:200 - loadIPPluginJar : add comp
2022-03-31 11:42:06,336 [INFO] IPUIPlugin:65 - create IPUIPlugin
2022-03-31 11:42:06,337 [INFO] PluginManager:200 - loadIPPluginJar : add cryp
2022-03-31 11:42:06,338 [INFO] IPUIPlugin:65 - create IPUIPlugin
2022-03-31 11:42:06,339 [INFO] PluginManager:200 - loadIPPluginJar : add dfsdm
2022-03-31 11:42:06,342 [INFO] IPUIPlugin:65 - create IPUIPlugin
2022-03-31 11:42:06,343 [INFO] PluginManager:200 - loadIPPluginJar : add dma
2022-03-31 11:42:06,344 [INFO] IPUIPlugin:65 - create IPUIPlugin
2022-03-31 11:42:06,344 [INFO] PluginManager:200 - loadIPPluginJar : add fatfs
2022-03-31 11:42:06,348 [INFO] IPUIPlugin:65 - create IPUIPlugin
2022-03-31 11:42:06,348 [INFO] PluginManager:200 - loadIPPluginJar : add fmc
2022-03-31 11:42:06,353 [INFO] IPUIPlugin:65 - create IPUIPlugin
2022-03-31 11:42:06,354 [INFO] PluginManager:200 - loadIPPluginJar : add freertos
2022-03-31 11:42:06,355 [INFO] IPUIPlugin:65 - create IPUIPlugin
2022-03-31 11:42:06,355 [INFO] PluginManager:200 - loadIPPluginJar : add genericplugin
2022-03-31 11:42:06,357 [INFO] IPUIPlugin:65 - create IPUIPlugin
2022-03-31 11:42:06,357 [INFO] PluginManager:200 - loadIPPluginJar : add gfxmmu
2022-03-31 11:42:06,359 [INFO] IPUIPlugin:65 - create IPUIPlugin
2022-03-31 11:42:06,359 [INFO] PluginManager:200 - loadIPPluginJar : add gfxsimulator
2022-03-31 11:42:06,364 [INFO] IPUIPlugin:65 - create IPUIPlugin
2022-03-31 11:42:06,364 [INFO] PluginManager:200 - loadIPPluginJar : add gic
2022-03-31 11:42:06,366 [INFO] IPUIPlugin:65 - create IPUIPlugin
2022-03-31 11:42:06,367 [INFO] PluginManager:200 - loadIPPluginJar : add gpio
2022-03-31 11:42:06,367 [INFO] IPUIPlugin:65 - create IPUIPlugin
2022-03-31 11:42:06,367 [INFO] PluginManager:200 - loadIPPluginJar : add gtzc
2022-03-31 11:42:06,369 [INFO] IPUIPlugin:65 - create IPUIPlugin
2022-03-31 11:42:06,369 [INFO] PluginManager:200 - loadIPPluginJar : add hash
2022-03-31 11:42:06,373 [INFO] IPUIPlugin:65 - create IPUIPlugin
2022-03-31 11:42:06,373 [INFO] PluginManager:200 - loadIPPluginJar : add i2c
2022-03-31 11:42:06,376 [INFO] IPUIPlugin:65 - create IPUIPlugin
2022-03-31 11:42:06,376 [INFO] PluginManager:200 - loadIPPluginJar : add i2s
2022-03-31 11:42:06,378 [INFO] IPUIPlugin:65 - create IPUIPlugin
2022-03-31 11:42:06,379 [INFO] PluginManager:200 - loadIPPluginJar : add ipddr
2022-03-31 11:42:06,380 [INFO] IPUIPlugin:65 - create IPUIPlugin
2022-03-31 11:42:06,380 [INFO] PluginManager:200 - loadIPPluginJar : add ltdc
2022-03-31 11:42:06,382 [INFO] IPUIPlugin:65 - create IPUIPlugin
2022-03-31 11:42:06,382 [INFO] PluginManager:200 - loadIPPluginJar : add mdma
2022-03-31 11:42:06,384 [INFO] IPUIPlugin:65 - create IPUIPlugin
2022-03-31 11:42:06,384 [INFO] PluginManager:200 - loadIPPluginJar : add nvic
2022-03-31 11:42:06,386 [INFO] IPUIPlugin:65 - create IPUIPlugin
2022-03-31 11:42:06,386 [INFO] PluginManager:200 - loadIPPluginJar : add opamp
2022-03-31 11:42:06,388 [INFO] IPUIPlugin:65 - create IPUIPlugin
2022-03-31 11:42:06,388 [INFO] PluginManager:200 - loadIPPluginJar : add pdm2pcm
2022-03-31 11:42:06,392 [INFO] IPUIPlugin:65 - create IPUIPlugin
2022-03-31 11:42:06,394 [INFO] PluginManager:200 - loadIPPluginJar : add plateformsettings
2022-03-31 11:42:06,395 [INFO] IPUIPlugin:65 - create IPUIPlugin
2022-03-31 11:42:06,396 [INFO] PluginManager:200 - loadIPPluginJar : add quadspi
2022-03-31 11:42:06,397 [INFO] IPUIPlugin:65 - create IPUIPlugin
2022-03-31 11:42:06,398 [INFO] PluginManager:200 - loadIPPluginJar : add resmgrutility
2022-03-31 11:42:06,399 [INFO] IPUIPlugin:65 - create IPUIPlugin
2022-03-31 11:42:06,399 [INFO] PluginManager:200 - loadIPPluginJar : add sai
2022-03-31 11:42:06,401 [INFO] IPUIPlugin:65 - create IPUIPlugin
2022-03-31 11:42:06,401 [INFO] PluginManager:200 - loadIPPluginJar : add spi
2022-03-31 11:42:06,402 [INFO] IPUIPlugin:65 - create IPUIPlugin
2022-03-31 11:42:06,402 [INFO] PluginManager:200 - loadIPPluginJar : add stm32_wpan
2022-03-31 11:42:06,404 [INFO] IPUIPlugin:65 - create IPUIPlugin
2022-03-31 11:42:06,404 [INFO] PluginManager:200 - loadIPPluginJar : add tim
2022-03-31 11:42:06,407 [INFO] IPUIPlugin:65 - create IPUIPlugin
2022-03-31 11:42:06,407 [INFO] PluginManager:200 - loadIPPluginJar : add touchsensing
2022-03-31 11:42:06,408 [INFO] IPUIPlugin:65 - create IPUIPlugin
2022-03-31 11:42:06,408 [INFO] PluginManager:200 - loadIPPluginJar : add tracer_emb
2022-03-31 11:42:06,409 [INFO] IPUIPlugin:65 - create IPUIPlugin
2022-03-31 11:42:06,410 [INFO] PluginManager:200 - loadIPPluginJar : add ts
2022-03-31 11:42:06,411 [INFO] IPUIPlugin:65 - create IPUIPlugin
2022-03-31 11:42:06,411 [INFO] PluginManager:200 - loadIPPluginJar : add tsc
2022-03-31 11:42:06,412 [INFO] IPUIPlugin:65 - create IPUIPlugin
2022-03-31 11:42:06,413 [INFO] PluginManager:200 - loadIPPluginJar : add ucpd
2022-03-31 11:42:06,415 [INFO] IPUIPlugin:65 - create IPUIPlugin
2022-03-31 11:42:06,415 [INFO] PluginManager:200 - loadIPPluginJar : add usart
2022-03-31 11:42:06,587 [INFO] BoardConnectionPanel:226 - [DDR PANEL] osNameString: Windows
2022-03-31 11:42:06,670 [INFO] BoardConnectionPanel:3472 - [DDR PANEL] STM32CubeIDE environment
2022-03-31 11:42:06,671 [INFO] MainDdrPanel:103 - [DDR PANEL] GETTER - cubeProgrammerPath is: null
2022-03-31 11:42:06,842 [FATAL] Updater:277 - Updater called before beeing initialized
2022-03-31 11:42:06,971 [FATAL] Updater:277 - Updater called before beeing initialized
2022-03-31 11:42:06,974 [INFO] PinOutPanel:1399 - setPackage(No Configuration,No Configuration)
2022-03-31 11:42:06,975 [FATAL] Updater:277 - Updater called before beeing initialized
2022-03-31 11:42:06,978 [INFO] BoardConnectionPanel:3472 - [DDR PANEL] STM32CubeIDE environment
2022-03-31 11:42:06,979 [INFO] MainDdrPanel:103 - [DDR PANEL] GETTER - cubeProgrammerPath is: C:\ST\STM32CubeIDE_1.2.0\STM32CubeIDE\plugins\com.st.stm32cube.ide.mcu.externaltools.cubeprogrammer.win32_1.1.0.201910081157\tools\bin
2022-03-31 11:42:06,985 [INFO] ProgrammerExecThread:148 - [ProgrammerAPI] CubeProgrammer command construction: C:\ST\STM32CubeIDE_1.2.0\STM32CubeIDE\plugins\com.st.stm32cube.ide.mcu.externaltools.cubeprogrammer.win32_1.1.0.201910081157\tools\bin\STM32_Programmer_CLI.exe -l
2022-03-31 11:42:07,084 [INFO] MainDdrPanel:93 - [DDR PANEL] SETTER - Set cubeProgrammerPath to: C:\ST\STM32CubeIDE_1.2.0\STM32CubeIDE\plugins\com.st.stm32cube.ide.mcu.externaltools.cubeprogrammer.win32_1.1.0.201910081157\tools\bin
2022-03-31 11:42:07,088 [INFO] Updater:886 - Updater Version found : 5.5.0
2022-03-31 11:42:07,100 [INFO] ApplicationProperties:181 - Using Application install path: C:\ST\STM32CubeIDE_1.2.0\STM32CubeIDE\plugins\com.st.stm32cube.common.mx_5.5.0.201912201511
2022-03-31 11:42:07,170 [INFO] MainUpdater:2230 - connection check result : 10
2022-03-31 11:42:07,170 [INFO] MainUpdater:236 - Updater Check For Update Now.
2022-03-31 11:42:07,170 [INFO] MicroXplorer:420 - Change Database Version : DB.5.0.50
2022-03-31 11:42:07,203 [INFO] CheckServerUpdateThread:92 - End of CheckServer Thread
2022-03-31 11:42:07,375 [INFO] MainUpdater:2230 - connection check result : 10
2022-03-31 11:42:07,375 [INFO] LogOutputStream:76 - [STDOUT_REDIRECT] Successfull proxy connection.
2022-03-31 11:42:07,463 [INFO] McuFinderGlobals:40 - Set McuFinder mode to 2 (CubeIDE integrated)
2022-03-31 11:42:07,492 [INFO] FinderPluginLoader:86 - Searching for filters in installed packs
2022-03-31 11:42:07,494 [INFO] DbMcusXml:107 - Load MCU database from C:\ST\STM32CubeIDE_1.2.0\STM32CubeIDE\plugins\com.st.stm32cube.common.mx_5.5.0.201912201511\\db\/mcu/families.xml
2022-03-31 11:42:08,027 [INFO] DbMcusJson:87 - JSON generation date=Mon Feb 08 22:35:07 KST 2021 (1612791307)
2022-03-31 11:42:08,882 [INFO] DbMcus:192 - Found 1628 MCUs (1588 are supported by CubeMX, 1588 are visible in CubeMX)
2022-03-31 11:42:08,883 [INFO] ApiDb:158 - Load user favorites file C:\Users\user/.stm32cubeide/favorites.mcus.txt: 0 item(s)
2022-03-31 11:42:08,883 [INFO] ApiDb:163 - User favorites MCUs=[]
2022-03-31 11:42:08,883 [INFO] DbMcus:203 - Set 0 / 0 favorites MCUs
2022-03-31 11:42:09,307 [INFO] ThirdPartyDb:261 - Close Third Party DataBase File (C:/Users/user/.stm32cubemx/plugins/thirdparty/db/thirdparties_db.xml)
2022-03-31 11:42:09,329 [INFO] IntegrityCheckThread:98 - End integrity checks thread
2022-03-31 11:42:09,537 [INFO] DbMcusAds:130 - JSON generation date=Thu Feb 21 01:46:15 KST 2019 (1550681175)
2022-03-31 11:42:09,539 [INFO] LoadUrlFilesThread:161 - End of LoadServerUrlFiles without Thread
2022-03-31 11:42:09,552 [INFO] McuDetailPanel:181 - Set advertising image to C:/Users/user/STM32Cube/Repository/\PRSTM32MP10219-01-med.jpg
2022-03-31 11:42:10,677 [INFO] ServerAccessManage:348 - Download File mcusDocs.json
2022-03-31 11:42:11,474 [INFO] LoadUrlFilesThread:134 - End of LoadUrlFiles Thread
2022-03-31 11:42:11,633 [INFO] ServerAccessManage:348 - Download File mcusFeaturesAndDescription.json
2022-03-31 11:42:14,986 [INFO] LoadUrlFilesThread:134 - End of LoadUrlFiles Thread
2022-03-31 11:42:15,371 [INFO] ServerAccessManage:348 - Download File mcusAds.json
2022-03-31 11:42:15,381 [INFO] LoadUrlFilesThread:134 - End of LoadUrlFiles Thread
2022-03-31 11:42:15,536 [INFO] ServerAccessManage:348 - Download File boardsDocs.json
2022-03-31 11:42:15,563 [INFO] LoadUrlFilesThread:134 - End of LoadUrlFiles Thread
2022-03-31 11:42:15,715 [INFO] ServerAccessManage:348 - Download File boards.json
2022-03-31 11:42:15,942 [INFO] LoadUrlFilesThread:134 - End of LoadUrlFiles Thread
2022-03-31 11:42:17,691 [INFO] ServerAccessManage:348 - Download File crdb.zip
2022-03-31 11:42:19,175 [INFO] FileExtend:225 - Unzip File : crdb.zip
2022-03-31 11:42:19,176 [INFO] FileExtend:240 - Standard Zip Deflate
2022-03-31 11:42:19,197 [INFO] LoadUrlFilesThread:134 - End of LoadUrlFiles Thread
2022-03-31 11:42:19,199 [INFO] DbMcusDocs:126 - JSON generation date=Wed Nov 17 01:17:54 KST 2021 (1637079474)
2022-03-31 11:42:19,301 [INFO] DbMcusDocs:61 - Found 616 MCUs documents
2022-03-31 11:42:19,301 [INFO] ApiDb:186 - Save user favorites file C:\Users\user/.stm32cubeide/favorites.mcus.txt: 0 item(s)
2022-03-31 11:42:19,301 [INFO] ApiDb:191 - User favorites MCUs=[]
2022-03-31 11:42:19,301 [INFO] DbMcusXml:107 - Load MCU database from C:\ST\STM32CubeIDE_1.2.0\STM32CubeIDE\plugins\com.st.stm32cube.common.mx_5.5.0.201912201511\\db\/mcu/families.xml
2022-03-31 11:42:19,634 [INFO] DbMcusJson:87 - JSON generation date=Wed Nov 17 01:17:54 KST 2021 (1637079474)
2022-03-31 11:42:20,042 [INFO] DbMcus:192 - Found 1628 MCUs (1588 are supported by CubeMX, 1588 are visible in CubeMX)
2022-03-31 11:42:20,042 [INFO] ApiDb:158 - Load user favorites file C:\Users\user/.stm32cubeide/favorites.mcus.txt: 0 item(s)
2022-03-31 11:42:20,042 [INFO] ApiDb:163 - User favorites MCUs=[]
2022-03-31 11:42:20,042 [INFO] DbMcus:203 - Set 0 / 0 favorites MCUs
2022-03-31 11:42:20,080 [INFO] McuFilterPanel:282 - Update 0 favorites MCUs
2022-03-31 11:42:20,244 [INFO] DbBoardsDocs:118 - JSON generation date=Wed Nov 17 01:17:54 KST 2021 (1637079474)
2022-03-31 11:42:20,251 [INFO] DbBoardsPdsc:92 - Found 21 items
2022-03-31 11:42:20,252 [INFO] DbBoardsPdsc:92 - Found 9 items
2022-03-31 11:42:20,254 [INFO] DbBoardsPdsc:92 - Found 27 items
2022-03-31 11:42:20,255 [INFO] DbBoardsPdsc:92 - Found 1 items
2022-03-31 11:42:20,257 [INFO] DbBoardsPdsc:92 - Found 40 items
2022-03-31 11:42:20,260 [INFO] DbBoardsPdsc:92 - Found 39 items
2022-03-31 11:42:20,261 [INFO] DbBoardsPdsc:92 - Found 2 items
2022-03-31 11:42:20,262 [INFO] DbBoardsPdsc:92 - Found 4 items
2022-03-31 11:42:20,265 [WARN] DbBoardsPdsc:256 - Board STM32H7B3I-DK: unknown feature type=Audio, name=, username=Audio stereo codec with Headphone Amp (CS42L51-CNZ), n=1
2022-03-31 11:42:20,265 [WARN] DbBoardsPdsc:256 - Board STM32H7B3I-DK: unknown feature type=WIFI, name=, username=WIFI 802.11 b/g/n, n=1
2022-03-31 11:42:20,266 [WARN] DbBoardsPdsc:256 - Board STM32H7B3I-EVAL: unknown feature type=Audio, name=, username=Multi-Channel Audio Codec (CS42L51-CNZ), n=1
2022-03-31 11:42:20,266 [WARN] DbBoardsPdsc:256 - Board STM32H7B3I-EVAL: unknown feature type=Meter, name=, username=Power-metering and Temperature-monitoring with sigma-delta modulators, n=1
2022-03-31 11:42:20,266 [WARN] DbBoardsPdsc:256 - Board STM32H7B3I-EVAL: unknown feature type=WIFI, name=, username=WIFI 802.11 a/b/g/n, n=1
2022-03-31 11:42:20,266 [WARN] DbBoardsPdsc:256 - Board STM32H7B3I-EVAL: unknown feature type=Motor, name=, username=Motor Control, n=1
2022-03-31 11:42:20,267 [WARN] DbBoardsPdsc:256 - Board STEVAL-IDP005V1: unknown feature type=PWRSock, name=Power Socket, username=IO-Link 4-position M12 A-coded connector, n=1
2022-03-31 11:42:20,267 [WARN] DbBoardsPdsc:256 - Board STEVAL-IDP005V2: unknown feature type=PWRSock, name=Power Socket, username=IO-Link 4-position M12 A-coded connector, n=1
2022-03-31 11:42:20,280 [INFO] DbBoardsJson:79 - JSON generation date=Wed Nov 17 01:17:54 KST 2021 (1637079474)
2022-03-31 11:42:20,285 [INFO] DbBoards:120 - Found 165 boards (140 are supported by CubeMX)
2022-03-31 11:42:20,287 [INFO] DbBoardsDocs:118 - JSON generation date=Wed Nov 17 01:17:54 KST 2021 (1637079474)
2022-03-31 11:42:20,290 [INFO] DbBoardsDocs:57 - Found 209 boards documents
2022-03-31 11:42:20,290 [WARN] DbBoards:130 - board NUCLEO-H743ZI has no document id list !
2022-03-31 11:42:20,291 [WARN] DbBoards:130 - board P-NUCLEO-WB55-Nucleo has no document id list !
2022-03-31 11:42:20,292 [WARN] DbBoards:130 - board P-NUCLEO-WB55-USBDongle has no document id list !
2022-03-31 11:42:20,292 [WARN] DbBoards:130 - board STM32F401C-DISCO has no document id list !
2022-03-31 11:42:20,292 [WARN] DbBoards:130 - board STM32F769I-DISC1 has no document id list !
2022-03-31 11:42:20,293 [WARN] DbBoards:130 - board STM32L-DISCOVERY has no document id list !
2022-03-31 11:42:20,293 [WARN] DbBoards:130 - board STM32H747I-DISC1 has no document id list !
2022-03-31 11:42:20,294 [WARN] DbBoards:130 - board STM32439I-EVAL2 has no document id list !
2022-03-31 11:42:20,294 [WARN] DbBoards:130 - board STM32H743I-EVAL2 has no document id list !
2022-03-31 11:42:20,294 [WARN] DbBoards:130 - board STM32H753I-EVAL2 has no document id list !
2022-03-31 11:42:20,294 [WARN] DbBoards:130 - board STM32G474E-EVAL1 has no document id list !
2022-03-31 11:42:20,295 [WARN] DbBoards:130 - board STEVAL-BFA001V1B has no document id list !
2022-03-31 11:42:20,295 [WARN] DbBoards:130 - board STEVAL-BFA001V2B has no document id list !
2022-03-31 11:42:20,295 [WARN] DbBoards:130 - board STEVAL-MKSBOX1V1 has no document id list !
2022-03-31 11:42:20,295 [WARN] DbBoards:130 - board STEVAL-STWINKT1 has no document id list !
2022-03-31 11:42:20,295 [WARN] DbBoards:130 - board STEVAL-IDP005V1 has no document id list !
2022-03-31 11:42:20,295 [WARN] DbBoards:130 - board STEVAL-IDP005V2 has no document id list !
2022-03-31 11:42:20,296 [WARN] DbBoards:130 - board STEVAL-STWINKT1B has no document id list !
2022-03-31 11:42:20,383 [ERROR] DbBoards:192 - Image file not found for board NUCLEO-F413ZH: C:\ST\STM32CubeIDE_1.2.0\STM32CubeIDE\plugins\com.st.stm32cube.common.mx_5.5.0.201912201511\\db\/plugins/mcufinder/images/boards/nucleo-f413zh_small.jpg
2022-03-31 11:42:20,419 [ERROR] DbBoards:192 - Image file not found for board NUCLEO-L552ZE-Q: C:\ST\STM32CubeIDE_1.2.0\STM32CubeIDE\plugins\com.st.stm32cube.common.mx_5.5.0.201912201511\\db\/plugins/mcufinder/images/boards/nucleo_l552ze_q_small.jpg
2022-03-31 11:42:20,515 [ERROR] DbBoards:192 - Image file not found for board P-NUCLEO-WB55: C:\ST\STM32CubeIDE_1.2.0\STM32CubeIDE\plugins\com.st.stm32cube.common.mx_5.5.0.201912201511\\db\/plugins/mcufinder/images/boards/p-nucleo-wb55_small.jpg
2022-03-31 11:42:20,879 [ERROR] DbBoards:192 - Image file not found for board STM32H7B3I-EVAL: C:\ST\STM32CubeIDE_1.2.0\STM32CubeIDE\plugins\com.st.stm32cube.common.mx_5.5.0.201912201511\\db\/plugins/mcufinder/images/boards/stm32h7b3ieval_small.jpg
2022-03-31 11:42:21,042 [ERROR] DbBoards:192 - Image file not found for board B-L462E-CELL1: C:\ST\STM32CubeIDE_1.2.0\STM32CubeIDE\plugins\com.st.stm32cube.common.mx_5.5.0.201912201511\\db\/plugins/mcufinder/images/boards/B-L462E-CELL1_small.jpg
2022-03-31 11:42:21,045 [ERROR] DbBoards:192 - Image file not found for board NUCLEO-WL55JC: C:\ST\STM32CubeIDE_1.2.0\STM32CubeIDE\plugins\com.st.stm32cube.common.mx_5.5.0.201912201511\\db\/plugins/mcufinder/images/boards/nucleo-wl55jc-small.jpg
2022-03-31 11:42:21,045 [ERROR] DbBoards:192 - Image file not found for board STM32H735G-DK: C:\ST\STM32CubeIDE_1.2.0\STM32CubeIDE\plugins\com.st.stm32cube.common.mx_5.5.0.201912201511\\db\/plugins/mcufinder/images/boards/STM32H735G_DK_small.jpg
2022-03-31 11:42:21,054 [ERROR] DbBoards:192 - Image file not found for board B-L4S5I-IOT01A: C:\ST\STM32CubeIDE_1.2.0\STM32CubeIDE\plugins\com.st.stm32cube.common.mx_5.5.0.201912201511\\db\/plugins/mcufinder/images/boards/B-L4S5I-IOT01A_small.jpg
2022-03-31 11:42:21,056 [ERROR] DbBoards:192 - Image file not found for board NUCLEO-WB55RG: C:\ST\STM32CubeIDE_1.2.0\STM32CubeIDE\plugins\com.st.stm32cube.common.mx_5.5.0.201912201511\\db\/plugins/mcufinder/images/boards/nucleo-wb55rg_small.jpg
2022-03-31 11:42:21,059 [ERROR] DbBoards:192 - Image file not found for board STM32G0C1E-EV: C:\ST\STM32CubeIDE_1.2.0\STM32CubeIDE\plugins\com.st.stm32cube.common.mx_5.5.0.201912201511\\db\/plugins/mcufinder/images/boards/stm32g0c1e-eval_small.jpg
2022-03-31 11:42:21,059 [ERROR] DbBoards:192 - Image file not found for board NUCLEO-WB15CC: C:\ST\STM32CubeIDE_1.2.0\STM32CubeIDE\plugins\com.st.stm32cube.common.mx_5.5.0.201912201511\\db\/plugins/mcufinder/images/boards/nucleo-wb15cc_small.jpg
2022-03-31 11:42:21,059 [ERROR] DbBoards:192 - Image file not found for board STM32WB5MM-DK: C:\ST\STM32CubeIDE_1.2.0\STM32CubeIDE\plugins\com.st.stm32cube.common.mx_5.5.0.201912201511\\db\/plugins/mcufinder/images/boards/STM32WB5MM-DK_small.jpg
2022-03-31 11:42:21,059 [ERROR] DbBoards:192 - Image file not found for board B-U585I-IOT02A: C:\ST\STM32CubeIDE_1.2.0\STM32CubeIDE\plugins\com.st.stm32cube.common.mx_5.5.0.201912201511\\db\/plugins/mcufinder/images/boards/B-U585I-IOT02A_small.jpg
2022-03-31 11:42:21,059 [ERROR] DbBoards:192 - Image file not found for board NUCLEO-U575ZI-Q: C:\ST\STM32CubeIDE_1.2.0\STM32CubeIDE\plugins\com.st.stm32cube.common.mx_5.5.0.201912201511\\db\/plugins/mcufinder/images/boards/nucleo-u575zi-q_small.jpg
2022-03-31 11:42:21,059 [ERROR] DbBoards:192 - Image file not found for board STM32U575I-EV: C:\ST\STM32CubeIDE_1.2.0\STM32CubeIDE\plugins\com.st.stm32cube.common.mx_5.5.0.201912201511\\db\/plugins/mcufinder/images/boards/stm32u575i-ev_small.jpg
2022-03-31 11:42:21,060 [ERROR] DbBoards:192 - Image file not found for board STEVAL-STWINKT1B: C:\ST\STM32CubeIDE_1.2.0\STM32CubeIDE\plugins\com.st.stm32cube.common.mx_5.5.0.201912201511\\db\/plugins/mcufinder/images/boards/steval-stwinkt1b_small.jpg
2022-03-31 11:42:21,060 [INFO] ApiDb:158 - Load user favorites file C:\Users\user/.stm32cubeide/favorites.boards.txt: 0 item(s)
2022-03-31 11:42:21,060 [INFO] ApiDb:163 - User favorites Boards=[]
2022-03-31 11:42:21,060 [INFO] DbBoards:209 - Set 0 / 0 favorites Boards
2022-03-31 11:42:21,061 [INFO] DbBoardsDocs:57 - Found 418 boards documents
2022-03-31 11:42:21,061 [INFO] ApiDb:186 - Save user favorites file C:\Users\user/.stm32cubeide/favorites.boards.txt: 0 item(s)
2022-03-31 11:42:21,062 [INFO] ApiDb:191 - User favorites Boards=[]
2022-03-31 11:42:21,064 [INFO] DbBoardsPdsc:92 - Found 21 items
2022-03-31 11:42:21,065 [INFO] DbBoardsPdsc:92 - Found 9 items
2022-03-31 11:42:21,066 [INFO] DbBoardsPdsc:92 - Found 27 items
2022-03-31 11:42:21,066 [INFO] DbBoardsPdsc:92 - Found 1 items
2022-03-31 11:42:21,068 [INFO] DbBoardsPdsc:92 - Found 40 items
2022-03-31 11:42:21,071 [INFO] DbBoardsPdsc:92 - Found 39 items
2022-03-31 11:42:21,073 [INFO] DbBoardsPdsc:92 - Found 2 items
2022-03-31 11:42:21,073 [INFO] DbBoardsPdsc:92 - Found 4 items
2022-03-31 11:42:21,074 [WARN] DbBoardsPdsc:256 - Board STM32H7B3I-DK: unknown feature type=Audio, name=, username=Audio stereo codec with Headphone Amp (CS42L51-CNZ), n=1
2022-03-31 11:42:21,074 [WARN] DbBoardsPdsc:256 - Board STM32H7B3I-DK: unknown feature type=WIFI, name=, username=WIFI 802.11 b/g/n, n=1
2022-03-31 11:42:21,075 [WARN] DbBoardsPdsc:256 - Board STM32H7B3I-EVAL: unknown feature type=Audio, name=, username=Multi-Channel Audio Codec (CS42L51-CNZ), n=1
2022-03-31 11:42:21,075 [WARN] DbBoardsPdsc:256 - Board STM32H7B3I-EVAL: unknown feature type=Meter, name=, username=Power-metering and Temperature-monitoring with sigma-delta modulators, n=1
2022-03-31 11:42:21,075 [WARN] DbBoardsPdsc:256 - Board STM32H7B3I-EVAL: unknown feature type=WIFI, name=, username=WIFI 802.11 a/b/g/n, n=1
2022-03-31 11:42:21,075 [WARN] DbBoardsPdsc:256 - Board STM32H7B3I-EVAL: unknown feature type=Motor, name=, username=Motor Control, n=1
2022-03-31 11:42:21,076 [WARN] DbBoardsPdsc:256 - Board STEVAL-IDP005V1: unknown feature type=PWRSock, name=Power Socket, username=IO-Link 4-position M12 A-coded connector, n=1
2022-03-31 11:42:21,076 [WARN] DbBoardsPdsc:256 - Board STEVAL-IDP005V2: unknown feature type=PWRSock, name=Power Socket, username=IO-Link 4-position M12 A-coded connector, n=1
2022-03-31 11:42:21,109 [INFO] DbBoardsJson:79 - JSON generation date=Wed Nov 17 01:17:54 KST 2021 (1637079474)
2022-03-31 11:42:21,113 [INFO] DbBoards:120 - Found 165 boards (140 are supported by CubeMX)
2022-03-31 11:42:21,113 [WARN] DbBoards:130 - board NUCLEO-H743ZI has no document id list !
2022-03-31 11:42:21,114 [WARN] DbBoards:130 - board P-NUCLEO-WB55-Nucleo has no document id list !
2022-03-31 11:42:21,114 [WARN] DbBoards:130 - board P-NUCLEO-WB55-USBDongle has no document id list !
2022-03-31 11:42:21,114 [WARN] DbBoards:130 - board STM32F401C-DISCO has no document id list !
2022-03-31 11:42:21,114 [WARN] DbBoards:130 - board STM32F769I-DISC1 has no document id list !
2022-03-31 11:42:21,114 [WARN] DbBoards:130 - board STM32L-DISCOVERY has no document id list !
2022-03-31 11:42:21,115 [WARN] DbBoards:130 - board STM32H747I-DISC1 has no document id list !
2022-03-31 11:42:21,115 [WARN] DbBoards:130 - board STM32439I-EVAL2 has no document id list !
2022-03-31 11:42:21,115 [WARN] DbBoards:130 - board STM32H743I-EVAL2 has no document id list !
2022-03-31 11:42:21,115 [WARN] DbBoards:130 - board STM32H753I-EVAL2 has no document id list !
2022-03-31 11:42:21,115 [WARN] DbBoards:130 - board STM32G474E-EVAL1 has no document id list !
2022-03-31 11:42:21,115 [WARN] DbBoards:130 - board STEVAL-BFA001V1B has no document id list !
2022-03-31 11:42:21,115 [WARN] DbBoards:130 - board STEVAL-BFA001V2B has no document id list !
2022-03-31 11:42:21,115 [WARN] DbBoards:130 - board STEVAL-MKSBOX1V1 has no document id list !
2022-03-31 11:42:21,115 [WARN] DbBoards:130 - board STEVAL-STWINKT1 has no document id list !
2022-03-31 11:42:21,115 [WARN] DbBoards:130 - board STEVAL-IDP005V1 has no document id list !
2022-03-31 11:42:21,115 [WARN] DbBoards:130 - board STEVAL-IDP005V2 has no document id list !
2022-03-31 11:42:21,115 [WARN] DbBoards:130 - board STEVAL-STWINKT1B has no document id list !
2022-03-31 11:42:21,132 [ERROR] DbBoards:192 - Image file not found for board NUCLEO-F413ZH: C:\ST\STM32CubeIDE_1.2.0\STM32CubeIDE\plugins\com.st.stm32cube.common.mx_5.5.0.201912201511\\db\/plugins/mcufinder/images/boards/nucleo-f413zh_small.jpg
2022-03-31 11:42:21,152 [ERROR] DbBoards:192 - Image file not found for board NUCLEO-L552ZE-Q: C:\ST\STM32CubeIDE_1.2.0\STM32CubeIDE\plugins\com.st.stm32cube.common.mx_5.5.0.201912201511\\db\/plugins/mcufinder/images/boards/nucleo_l552ze_q_small.jpg
2022-03-31 11:42:21,257 [ERROR] DbBoards:192 - Image file not found for board P-NUCLEO-WB55: C:\ST\STM32CubeIDE_1.2.0\STM32CubeIDE\plugins\com.st.stm32cube.common.mx_5.5.0.201912201511\\db\/plugins/mcufinder/images/boards/p-nucleo-wb55_small.jpg
2022-03-31 11:42:21,465 [ERROR] DbBoards:192 - Image file not found for board STM32H7B3I-EVAL: C:\ST\STM32CubeIDE_1.2.0\STM32CubeIDE\plugins\com.st.stm32cube.common.mx_5.5.0.201912201511\\db\/plugins/mcufinder/images/boards/stm32h7b3ieval_small.jpg
2022-03-31 11:42:21,549 [ERROR] DbBoards:192 - Image file not found for board B-L462E-CELL1: C:\ST\STM32CubeIDE_1.2.0\STM32CubeIDE\plugins\com.st.stm32cube.common.mx_5.5.0.201912201511\\db\/plugins/mcufinder/images/boards/B-L462E-CELL1_small.jpg
2022-03-31 11:42:21,551 [ERROR] DbBoards:192 - Image file not found for board NUCLEO-WL55JC: C:\ST\STM32CubeIDE_1.2.0\STM32CubeIDE\plugins\com.st.stm32cube.common.mx_5.5.0.201912201511\\db\/plugins/mcufinder/images/boards/nucleo-wl55jc-small.jpg
2022-03-31 11:42:21,551 [ERROR] DbBoards:192 - Image file not found for board STM32H735G-DK: C:\ST\STM32CubeIDE_1.2.0\STM32CubeIDE\plugins\com.st.stm32cube.common.mx_5.5.0.201912201511\\db\/plugins/mcufinder/images/boards/STM32H735G_DK_small.jpg
2022-03-31 11:42:21,559 [ERROR] DbBoards:192 - Image file not found for board B-L4S5I-IOT01A: C:\ST\STM32CubeIDE_1.2.0\STM32CubeIDE\plugins\com.st.stm32cube.common.mx_5.5.0.201912201511\\db\/plugins/mcufinder/images/boards/B-L4S5I-IOT01A_small.jpg
2022-03-31 11:42:21,562 [ERROR] DbBoards:192 - Image file not found for board NUCLEO-WB55RG: C:\ST\STM32CubeIDE_1.2.0\STM32CubeIDE\plugins\com.st.stm32cube.common.mx_5.5.0.201912201511\\db\/plugins/mcufinder/images/boards/nucleo-wb55rg_small.jpg
2022-03-31 11:42:21,564 [ERROR] DbBoards:192 - Image file not found for board STM32G0C1E-EV: C:\ST\STM32CubeIDE_1.2.0\STM32CubeIDE\plugins\com.st.stm32cube.common.mx_5.5.0.201912201511\\db\/plugins/mcufinder/images/boards/stm32g0c1e-eval_small.jpg
2022-03-31 11:42:21,564 [ERROR] DbBoards:192 - Image file not found for board NUCLEO-WB15CC: C:\ST\STM32CubeIDE_1.2.0\STM32CubeIDE\plugins\com.st.stm32cube.common.mx_5.5.0.201912201511\\db\/plugins/mcufinder/images/boards/nucleo-wb15cc_small.jpg
2022-03-31 11:42:21,564 [ERROR] DbBoards:192 - Image file not found for board STM32WB5MM-DK: C:\ST\STM32CubeIDE_1.2.0\STM32CubeIDE\plugins\com.st.stm32cube.common.mx_5.5.0.201912201511\\db\/plugins/mcufinder/images/boards/STM32WB5MM-DK_small.jpg
2022-03-31 11:42:21,565 [ERROR] DbBoards:192 - Image file not found for board B-U585I-IOT02A: C:\ST\STM32CubeIDE_1.2.0\STM32CubeIDE\plugins\com.st.stm32cube.common.mx_5.5.0.201912201511\\db\/plugins/mcufinder/images/boards/B-U585I-IOT02A_small.jpg
2022-03-31 11:42:21,565 [ERROR] DbBoards:192 - Image file not found for board NUCLEO-U575ZI-Q: C:\ST\STM32CubeIDE_1.2.0\STM32CubeIDE\plugins\com.st.stm32cube.common.mx_5.5.0.201912201511\\db\/plugins/mcufinder/images/boards/nucleo-u575zi-q_small.jpg
2022-03-31 11:42:21,565 [ERROR] DbBoards:192 - Image file not found for board STM32U575I-EV: C:\ST\STM32CubeIDE_1.2.0\STM32CubeIDE\plugins\com.st.stm32cube.common.mx_5.5.0.201912201511\\db\/plugins/mcufinder/images/boards/stm32u575i-ev_small.jpg
2022-03-31 11:42:21,565 [ERROR] DbBoards:192 - Image file not found for board STEVAL-STWINKT1B: C:\ST\STM32CubeIDE_1.2.0\STM32CubeIDE\plugins\com.st.stm32cube.common.mx_5.5.0.201912201511\\db\/plugins/mcufinder/images/boards/steval-stwinkt1b_small.jpg
2022-03-31 11:42:21,565 [INFO] ApiDb:158 - Load user favorites file C:\Users\user/.stm32cubeide/favorites.boards.txt: 0 item(s)
2022-03-31 11:42:21,565 [INFO] ApiDb:163 - User favorites Boards=[]
2022-03-31 11:42:21,565 [INFO] DbBoards:209 - Set 0 / 0 favorites Boards
2022-03-31 11:42:21,656 [INFO] LoadUrlFilesThread:161 - End of LoadServerUrlFiles without Thread
2022-03-31 11:42:21,658 [INFO] McuFilterPanel:282 - Update 0 favorites MCUs
2022-03-31 11:42:21,777 [INFO] LoadUrlFilesThread:161 - End of LoadServerUrlFiles without Thread
2022-03-31 11:42:21,777 [INFO] BoardDetailPanel:179 - Set advertising image to C:/Users/user/STM32Cube/Repository/\PRSTM32MP10219-01-med.jpg
2022-03-31 11:42:21,794 [INFO] BoardFilterPanel:211 - Update 0 favorites Boards
2022-03-31 11:42:21,849 [INFO] CrossSelectorPresenter:1319 - Cross Selector saved comparison directory: C:\Users\user\.stmcufinder\plugins\mcufinder\mcu\cs_comparisons_mx
2022-03-31 11:42:26,176 [INFO] RetryExec:97 - I/O exception (org.apache.http.NoHttpResponseException) caught when processing request to {s}->https://download.eclipse.org:443: The target server failed to respond
2022-03-31 11:42:26,177 [INFO] RetryExec:113 - Retrying request to {s}->https://download.eclipse.org:443
2022-03-31 11:42:27,055 [INFO] RetryExec:97 - I/O exception (org.apache.http.NoHttpResponseException) caught when processing request to {s}->https://archive.eclipse.org:443: The target server failed to respond
2022-03-31 11:42:27,055 [INFO] RetryExec:113 - Retrying request to {s}->https://archive.eclipse.org:443
2022-03-31 11:42:28,055 [INFO] RetryExec:97 - I/O exception (org.apache.http.NoHttpResponseException) caught when processing request to {s}->https://download.eclipse.org:443: The target server failed to respond
2022-03-31 11:42:28,055 [INFO] RetryExec:113 - Retrying request to {s}->https://download.eclipse.org:443
2022-03-31 11:42:58,604 [INFO] LogOutputStream:76 - [STDOUT_REDIRECT] withoutVersionV1.8.4
2022-03-31 11:42:58,604 [INFO] LogOutputStream:76 - [STDOUT_REDIRECT] withoutVersionV1.8.3
2022-03-31 11:42:58,605 [INFO] LogOutputStream:76 - [STDOUT_REDIRECT] withoutVersionV1.8.2
2022-03-31 11:42:58,605 [INFO] LogOutputStream:76 - [STDOUT_REDIRECT] withoutVersionV1.8.1
2022-03-31 11:42:58,605 [INFO] LogOutputStream:76 - [STDOUT_REDIRECT] withoutVersionV1.8.0
2022-03-31 11:42:59,878 [INFO] LogOutputStream:76 - [STDOUT_REDIRECT] File copied successfully!!
2022-03-31 11:43:00,523 [INFO] MainUpdater:2230 - connection check result : 10
2022-03-31 11:43:00,541 [INFO] MicroXplorer:390 - Change Database Path : 
2022-03-31 11:43:00,541 [INFO] MicroXplorer:420 - Change Database Version : DB.5.0.50
2022-03-31 11:43:00,542 [INFO] PinOutPanel:1399 - setPackage(No Configuration,No Configuration)
2022-03-31 11:43:00,542 [INFO] UtilMem:74 - Begin LoadConfig() Used Memory: 613321528 Bytes (822083584)
2022-03-31 11:43:00,542 [INFO] OpenFileManager:274 - Change cursor
2022-03-31 11:43:01,102 [INFO] Rule:210 - rule SPDIFRX instance for mcu is applicable
2022-03-31 11:43:01,103 [INFO] Rule:210 - rule Rename Tracer Mode is applicable
2022-03-31 11:43:01,103 [INFO] Rule:210 - rule SPDIFRX instance value for IP SPDIFRX is applicable
2022-03-31 11:43:01,103 [INFO] Rule:210 - rule SPDIFRX instance for signal is applicable
2022-03-31 11:43:01,103 [INFO] Rule:210 - rule SPDIFRX instance for project manager is applicable
2022-03-31 11:43:01,103 [INFO] Rule:210 - rule SPDIFRX instance for project manager is applicable
2022-03-31 11:43:01,103 [INFO] Rule:210 - rule ADC Scan  fix with FW F7 is applicable
2022-03-31 11:43:01,103 [INFO] Rule:210 - rule ADC Scan  fix with FW F7 is applicable
2022-03-31 11:43:01,103 [INFO] Rule:210 - rule UART/USART WORD LENGTH 7 is applicable
2022-03-31 11:43:01,103 [INFO] Rule:210 - rule UART/USART WORD LENGTH 8 is applicable
2022-03-31 11:43:01,103 [INFO] Rule:210 - rule UART/USART WORD LENGTH 9 is applicable
2022-03-31 11:43:01,103 [INFO] Rule:210 - rule ADC SamplingTime fix with FW L0  is applicable
2022-03-31 11:43:01,103 [INFO] Rule:210 - rule ADC SamplingTime fix with FW L0  is applicable
2022-03-31 11:43:01,103 [INFO] Rule:210 - rule ADC SamplingTime fix with FW L0 is applicable
2022-03-31 11:43:01,103 [INFO] Rule:210 - rule ADC SamplingTime fix with FW L0 is applicable
2022-03-31 11:43:01,103 [INFO] Rule:210 - rule ADC SamplingTime fix with FW L0  is applicable
2022-03-31 11:43:01,103 [INFO] Rule:210 - rule ADC SamplingTime fix with FW L0 is applicable
2022-03-31 11:43:01,104 [INFO] Rule:210 - rule Rename USB_OE Signal is applicable
2022-03-31 11:43:01,104 [INFO] Rule:210 - rule Rename Activate_OE Mode is applicable
2022-03-31 11:43:01,104 [INFO] Rule:210 - rule Rename DIE462/DIE415 pin PC14/OSC32_IN -> PC14-OSC32_IN (PC14) is applicable
2022-03-31 11:43:01,104 [INFO] Rule:210 - rule Rename DIE462/DIE415 pin PC15/OSC32_OUT -> PC15-OSC32_OUT (PC15) is applicable
2022-03-31 11:43:01,104 [INFO] Rule:210 - rule Rename DIE462/DIE415 pin PH0/OSC_IN -> PH0-OSC_IN (PH0) is applicable
2022-03-31 11:43:01,104 [INFO] Rule:210 - rule Rename DIE462/DIE415 pin PH1/OSC_OUT -> PH1-OSC_OUT (PH1) is applicable
2022-03-31 11:43:01,104 [INFO] Rule:210 - rule Rename DIE462 pin PA13 -> PA13 (JTMS/SWDIO) is applicable
2022-03-31 11:43:01,104 [INFO] Rule:210 - rule Rename DIE415 pin PA13 -> PA13 (JTMS/SWDIO) is applicable
2022-03-31 11:43:01,104 [INFO] Rule:210 - rule Rename DIE462 pin PA14 -> PA14 (JTCK/SWCLK) is applicable
2022-03-31 11:43:01,104 [INFO] Rule:210 - rule Rename DIE415 pin PA14 -> PA14 (JTCK/SWCLK) is applicable
2022-03-31 11:43:01,104 [INFO] Rule:210 - rule Rename DIE462/DIE415 pin PA15 -> PA15 (JTDI) is applicable
2022-03-31 11:43:01,104 [INFO] Rule:210 - rule Rename DIE462 pin PB3 -> PB3 (JTD0/TRACESWO) is applicable
2022-03-31 11:43:01,104 [INFO] Rule:210 - rule Rename DIE415 pin PB3 -> PB3 (JTD0-TRACESWO) is applicable
2022-03-31 11:43:01,104 [INFO] Rule:210 - rule Rename DIE462/DIE415 pin PB4 -> PB4 (NJTRST) is applicable
2022-03-31 11:43:01,104 [INFO] Rule:210 - rule Rename DIE462 pin PH3/BOOT0 -> PH3-BOOT0 (BOOT0) is applicable
2022-03-31 11:43:01,104 [INFO] Rule:210 - rule Rename CRYP DataEncryptionTypesList to Algorithm is applicable
2022-03-31 11:43:01,105 [INFO] Rule:210 - rule Rename AES DataEncryptionTypesList to Algorithm is applicable
2022-03-31 11:43:01,105 [INFO] Rule:210 - rule Rename TDESECB to CRYP_TDES_ECB is applicable
2022-03-31 11:43:01,105 [INFO] Rule:210 - rule Rename TDESCBC to CRYP_TDES_CBC is applicable
2022-03-31 11:43:01,105 [INFO] Rule:210 - rule Rename DESECB to CRYP_DES_ECB is applicable
2022-03-31 11:43:01,105 [INFO] Rule:210 - rule Rename DESCBC to CRYP_DES_CBC is applicable
2022-03-31 11:43:01,105 [INFO] Rule:210 - rule Rename AESECB to CRYP_AES_ECB is applicable
2022-03-31 11:43:01,105 [INFO] Rule:210 - rule Rename AESCBC to CRYP_AES_CBC is applicable
2022-03-31 11:43:01,105 [INFO] Rule:210 - rule Rename AESCTR to CRYP_AES_CTR is applicable
2022-03-31 11:43:01,105 [INFO] Rule:210 - rule Rename AESGCM to CRYP_AES_GCM is applicable
2022-03-31 11:43:01,105 [INFO] Rule:210 - rule Rename AESCCM to CRYP_AES_CCM is applicable
2022-03-31 11:43:01,105 [INFO] Rule:210 - rule Rename CAN TimeSeg1 to BS1 is applicable
2022-03-31 11:43:01,105 [INFO] Rule:210 - rule Rename CAN TimeSeg2 to BS2 is applicable
2022-03-31 11:43:01,105 [INFO] Rule:210 - rule Rename CAN SyncJumpWidth to SJW is applicable
2022-03-31 11:43:01,105 [INFO] Rule:210 - rule TimeTriggeredMode to TTCM is applicable
2022-03-31 11:43:01,105 [INFO] Rule:210 - rule Rename CAN AutoBusOff to ABOM is applicable
2022-03-31 11:43:01,105 [INFO] Rule:210 - rule Rename CAN AutoWakeUp to AWUM is applicable
2022-03-31 11:43:01,105 [INFO] Rule:210 - rule Rename CAN AutoRetransmission to NART is applicable
2022-03-31 11:43:01,105 [INFO] Rule:210 - rule Rename CAN ReceiveFifoLocked to RFLM is applicable
2022-03-31 11:43:01,106 [INFO] Rule:210 - rule Rename CAN TransmitFifoPriority to TXFP is applicable
2022-03-31 11:43:01,106 [INFO] Rule:210 - rule Rename HRTIMER HRTIM_OUTPUTFAULTLEVEL_HIGH in HRTIMER HRTIM_OUTPUTFAULTLEVEL_HIGHZ is applicable
2022-03-31 11:43:01,106 [INFO] Rule:210 - rule Rename TIMER TIM_CLEARINPUTSOURCE_OCREFCLR in  TIMER TIM_CLEARINPUTSOURCE_NONE for F7 family is applicable
2022-03-31 11:43:01,106 [INFO] Rule:210 - rule FDCAN_R1 - Rename FDCAN mode Master into Classic is applicable
2022-03-31 11:43:01,106 [INFO] Rule:210 - rule FDCAN_R2 - Rename FDCAN mode Slave into Classic is applicable
2022-03-31 11:43:01,106 [INFO] Rule:210 - rule FDCAN1_R3 - if PA10.Mode=FullDuplex, add Pin PA12 is applicable
2022-03-31 11:43:01,106 [INFO] Rule:210 - rule FDCAN1_R3 - if PA9.Mode=FullDuplex, add Pin PA11 is applicable
2022-03-31 11:43:01,106 [INFO] Rule:210 - rule FDCAN1_R3 - Alternatepin_1 - if PE1.Mode=FullDuplex, add Pin PB9 is applicable
2022-03-31 11:43:01,106 [INFO] Rule:210 - rule FDCAN1_R3 - Alternatepin_1 - if PE0.Mode=FullDuplex, add Pin PB8 is applicable
2022-03-31 11:43:01,106 [INFO] Rule:210 - rule FDCAN1_R3 - Alternatepin_2 - if PD5.Mode=FullDuplex, add Pin PD1 is applicable
2022-03-31 11:43:01,106 [INFO] Rule:210 - rule FDCAN1_R3 - Alternatepin_2 - if PD4.Mode=FullDuplex, add Pin PD0 is applicable
2022-03-31 11:43:01,107 [INFO] Rule:210 - rule FDCAN1_R4 - Rename Mode FullDuplex into Enable FDCAN_TXFD for pin PA10 is applicable
2022-03-31 11:43:01,107 [INFO] Rule:210 - rule FDCAN1_R4 - Rename Mode FullDuplex into Enable FDCAN_TXFD for pin PA9 is applicable
2022-03-31 11:43:01,107 [INFO] Rule:210 - rule FDCAN1_R4 - Alternatepin_1 - Rename Mode FullDuplex into Enable FDCAN_TXFD for pin PE1 is applicable
2022-03-31 11:43:01,107 [INFO] Rule:210 - rule FDCAN1_R4 - Alternatepin_1 - Rename Mode FullDuplex into Enable FDCAN_TXFD for pin PE0 is applicable
2022-03-31 11:43:01,107 [INFO] Rule:210 - rule FDCAN1_R4 - Alternatepin_2 - Rename Mode FullDuplex into Enable FDCAN_TXFD for pin PD5 is applicable
2022-03-31 11:43:01,107 [INFO] Rule:210 - rule FDCAN1_R4 - Alternatepin_2 - Rename Mode FullDuplex into Enable FDCAN_TXFD for pin PD4 is applicable
2022-03-31 11:43:01,107 [INFO] Rule:210 - rule FDCAN2_R3 - if PD10.Mode=FullDuplex, add Pin PB13 is applicable
2022-03-31 11:43:01,107 [INFO] Rule:210 - rule FDCAN2_R3 - if PD9.Mode=FullDuplex, add Pin PB12 is applicable
2022-03-31 11:43:01,107 [INFO] Rule:210 - rule FDCAN2_R3 - Alternatepin_1 - if PB7.Mode=FullDuplex, add Pin PB6 is applicable
2022-03-31 11:43:01,107 [INFO] Rule:210 - rule FDCAN2_R3 - Alternatepin_1 - if PD9.Mode=FullDuplex, add Pin PB12 is applicable
2022-03-31 11:43:01,107 [INFO] Rule:210 - rule FDCAN2_R4 - Rename Mode FullDuplex into Enable FDCAN_TXFD for pin PD10 is applicable
2022-03-31 11:43:01,107 [INFO] Rule:210 - rule FDCAN2_R4 - Rename Mode FullDuplex into Enable FDCAN_TXFD for pin PD9 is applicable
2022-03-31 11:43:01,107 [INFO] Rule:210 - rule FDCAN2_R4 - Alternatepin_1 - Rename Mode FullDuplex into Enable FDCAN_TXFD for pin PB7 is applicable
2022-03-31 11:43:01,107 [INFO] Rule:210 - rule FDCAN2_R4 - Alternatepin_1 - Rename Mode FullDuplex into Enable FDCAN_TXFD for pin PD6 is applicable
2022-03-31 11:43:01,107 [INFO] Rule:210 - rule USART TxPinLevelInvertParam Mode is applicable
2022-03-31 11:43:01,107 [INFO] Rule:210 - rule USART RxPinLevelInvertParam Mode is applicable
2022-03-31 11:43:01,107 [INFO] Rule:210 - rule USART DataInvertParam Mode is applicable
2022-03-31 11:43:01,107 [INFO] Rule:210 - rule USART SwapParam Mode is applicable
2022-03-31 11:43:01,107 [INFO] Rule:210 - rule USART OverrunDisableParam Mode is applicable
2022-03-31 11:43:01,107 [INFO] Rule:210 - rule USART DMADisableonRxErrorParam Mode is applicable
2022-03-31 11:43:01,108 [INFO] Rule:210 - rule USART MSBFirstParam Mode is applicable
2022-03-31 11:43:01,108 [INFO] Rule:210 - rule Update MwName for USB_DEVICE is applicable
2022-03-31 11:43:01,108 [INFO] Rule:210 - rule Change PWR_Regulator_Voltage_Scale Default Value for RCC  H7 family is applicable
2022-03-31 11:43:01,108 [INFO] Rule:210 - rule UART/USART IPParameter rename Prescaler parameter to ClockPrescaler is applicable
2022-03-31 11:43:01,108 [INFO] Rule:210 - rule UART/USART Prescaler rename Prescaler parameter to ClockPrescaler is applicable
2022-03-31 11:43:01,108 [INFO] Rule:210 - rule TIM1CLockSelection is applicable
2022-03-31 11:43:01,108 [INFO] Rule:210 - rule TIM15CLockSelection is applicable
2022-03-31 11:43:01,108 [INFO] Rule:210 - rule align RCC SDMMC3CLockSelection default value on MP1 is applicable
2022-03-31 11:43:01,108 [INFO] Rule:210 - rule align RCC SDMMC12CLockSelection default value on MP1 is applicable
2022-03-31 11:43:01,108 [INFO] Rule:210 - rule align RCC QSPICLockSelection default value on MP1 is applicable
2022-03-31 11:43:01,108 [INFO] Rule:210 - rule align RCC QSPICLockSelection default value on MP1 is applicable
2022-03-31 11:43:01,108 [INFO] Rule:210 - rule align RCC SPI6CLockSelection default value on MP1 is applicable
2022-03-31 11:43:01,108 [INFO] Rule:210 - rule align RCC LPTIM23CLockSelection default value on MP1 is applicable
2022-03-31 11:43:01,108 [INFO] Rule:210 - rule align RCC LPTIM1CLockSelection default value on MP1 is applicable
2022-03-31 11:43:01,108 [INFO] Rule:210 - rule align RCC USART1CLockSelection default value on MP1 is applicable
2022-03-31 11:43:01,108 [INFO] Rule:210 - rule align RCC USART24CLockSelection default value on MP1 is applicable
2022-03-31 11:43:01,108 [INFO] Rule:210 - rule align RCC USART6CLockSelection default value on MP1 is applicable
2022-03-31 11:43:01,108 [INFO] Rule:210 - rule align RCC UART78CLockSelection default value on MP1 is applicable
2022-03-31 11:43:01,108 [INFO] Rule:210 - rule align RCC USART35CLockSelection default value on MP1 is applicable
2022-03-31 11:43:01,108 [INFO] Rule:210 - rule align RCC SPI45CLockSelection default value on MP1 is applicable
2022-03-31 11:43:01,109 [INFO] Rule:210 - rule align RCC I2C46CLockSelection BCLK value on MP1 is applicable
2022-03-31 11:43:01,109 [INFO] Rule:210 - rule align RCC SPI45CLockSelection default value on MP1 is applicable
2022-03-31 11:43:01,109 [INFO] Rule:210 - rule align RCC I2C12CLockSelection default value on MP1 is applicable
2022-03-31 11:43:01,109 [INFO] Rule:210 - rule align RCC I2C35CLockSelection default value on MP1 is applicable
2022-03-31 11:43:01,109 [INFO] Rule:210 - rule align RCC LPTIM45CLockSelection default value on MP1 is applicable
2022-03-31 11:43:01,109 [INFO] Rule:210 - rule Rename DCMI PIXCK signal is applicable
2022-03-31 11:43:01,109 [INFO] Rule:210 - rule Change Default Value for I2C46CLockSelection MP1 family is applicable
2022-03-31 11:43:01,109 [INFO] Rule:210 - rule Change Default Value for UART for G4, G0 and WB families is applicable
2022-03-31 11:43:01,109 [INFO] Rule:210 - rule Change Default Value for USART for G4, G0 and WB families is applicable
2022-03-31 11:43:01,109 [INFO] Rule:210 - rule Change Default Value for USART for G4 family is applicable
2022-03-31 11:43:01,109 [INFO] Rule:210 - rule Change USART1CLockSelection refparam name for MP1 is applicable
2022-03-31 11:43:01,109 [INFO] Rule:210 - rule Change USART2CLockSelection refparam name for MP1 is applicable
2022-03-31 11:43:01,109 [INFO] Rule:210 - rule Change USART3CLockSelection refparam name for MP1 is applicable
2022-03-31 11:43:01,109 [INFO] Rule:210 - rule Change UART4CLockSelection refparam name for MP1 is applicable
2022-03-31 11:43:01,109 [INFO] Rule:210 - rule Change UART5CLockSelection refparam name for MP1 is applicable
2022-03-31 11:43:01,109 [INFO] Rule:210 - rule Change LPUART1CLockSelection refparam name for MP1 is applicable
2022-03-31 11:43:01,109 [INFO] Rule:210 - rule Change LPTIM1CLockSelection refparam name for MP1 is applicable
2022-03-31 11:43:01,109 [INFO] Rule:210 - rule Change LPTIM2CLockSelection refparam name for MP1 is applicable
2022-03-31 11:43:01,109 [INFO] Rule:210 - rule Change RCC_MCO1Source refparam name for MP1 is applicable
2022-03-31 11:43:01,109 [INFO] Rule:210 - rule Change LSCOSource1 refparam name for MP1 is applicable
2022-03-31 11:43:01,110 [INFO] Rule:210 - rule Change SMPSCLockSelection refparam name for MP1 is applicable
2022-03-31 11:43:01,110 [INFO] Rule:210 - rule Change LPTIM3CLockSelection refparam name for MP1 is applicable
2022-03-31 11:43:01,110 [INFO] Rule:210 - rule Change MPCBB* Default Template Mode to Parameters is applicable
2022-03-31 11:43:01,110 [INFO] Rule:210 - rule Change MPCWM* or MPCBB* Secure Mode to Parameters is applicable
2022-03-31 11:43:01,110 [INFO] Rule:210 - rule Change MPCWM* or MPCBB* No Secure Mode to Parameters is applicable
2022-03-31 11:43:01,110 [INFO] Rule:210 - rule Change TZSC IP Secure Mode to Parameters is applicable
2022-03-31 11:43:01,110 [INFO] Rule:210 - rule Change TZSC IP No Secure Mode to Parameters is applicable
2022-03-31 11:43:01,110 [INFO] Rule:210 - rule Change TZSC IP Privilege Mode to Parameters is applicable
2022-03-31 11:43:01,110 [INFO] Rule:210 - rule Change TZSC IP No Privilege Mode to Parameters is applicable
2022-03-31 11:43:01,110 [INFO] Rule:210 - rule Change TZIC IT Secure Mode to Parameters is applicable
2022-03-31 11:43:01,110 [INFO] Rule:210 - rule Change TZIC IT No Secure Mode to Parameters is applicable
2022-03-31 11:43:01,110 [INFO] Rule:210 - rule Add MPCBB1_NonSecureArea_Start_Address value with referenced to MPCBB1_NonSecureArea_Start value is applicable
2022-03-31 11:43:01,110 [INFO] Rule:210 - rule Add MPCBB2_NonSecureArea_Start_Address value with referenced to MPCBB2_NonSecureArea_Start value is applicable
2022-03-31 11:43:01,110 [INFO] Rule:210 - rule Add MPCWM1_NonSecureArea*_Start_Address value with referenced to MPCWM1_NonSecureArea*_Start value is applicable
2022-03-31 11:43:01,110 [INFO] Rule:210 - rule Add MPCWM2_NonSecureArea*_Start_Address value with referenced to MPCWM2_NonSecureArea*_Start value is applicable
2022-03-31 11:43:01,110 [INFO] Rule:210 - rule Add MPCWM3_NonSecureArea_Start_Address value with referenced to MPCWM3_NonSecureArea_Start value is applicable
2022-03-31 11:43:01,114 [INFO] DbConfProperties:222 - Apply Compatibility (21/138 Rules)
2022-03-31 11:43:01,126 [INFO] ImportTextPane:162 - (OptionalMessage_ERROR) Unable to find key (Mcu.ThirdPartyNb) in loaded IOC file
2022-03-31 11:43:01,147 [INFO] ImportTextPane:162 - (OptionalMessage_ERROR) IP (RCC) : Parameter (ADCFreqValue) has invalid value (32000000)
2022-03-31 11:43:01,147 [INFO] ImportTextPane:162 - (OptionalMessage_ERROR) IP (RCC) : Invalid parameter (FamilyName)
2022-03-31 11:43:01,147 [INFO] ImportTextPane:162 - (OptionalMessage_ERROR) IP (RCC) : Parameter (MCOFreq_Value) has invalid value (64000000)
2022-03-31 11:43:01,148 [INFO] ImportTextPane:162 - (OptionalMessage_ERROR) IP (RCC) : Parameter (USBFreq_Value) has invalid value (64000000)
2022-03-31 11:43:01,240 [INFO] UtilMem:74 - End LoadConfig() Used Memory: 512131160 Bytes (822083584)
2022-03-31 11:43:01,253 [INFO] ThirdPartyDb:295 - Open Third Party DataBase File (C:/Users/user/.stm32cubemx/plugins/thirdparty/db/thirdparties_db.xml) : 5 ms. number of Sw pack : 26
2022-03-31 11:43:01,418 [INFO] ThirdParty:899 - CMSIS Pack Vendor :STMicroelectronics X-CUBE-SFXS2LP1 3.1.0
2022-03-31 11:43:01,419 [INFO] ThirdParty:899 - CMSIS Pack Vendor :RoweBots I-CUBE-UNISONRTOS 5.5.0-4
2022-03-31 11:43:01,419 [INFO] ThirdParty:899 - CMSIS Pack Vendor :STMicroelectronics X-CUBE-SFXS2LP1 3.0.0
2022-03-31 11:43:01,419 [INFO] ThirdParty:899 - CMSIS Pack Vendor :STMicroelectronics X-CUBE-MEMS1 8.2.0
2022-03-31 11:43:01,419 [INFO] ThirdParty:899 - CMSIS Pack Vendor :STMicroelectronics X-CUBE-BLE1 6.2.3
2022-03-31 11:43:01,419 [INFO] ThirdParty:899 - CMSIS Pack Vendor :STMicroelectronics X-CUBE-EEPRMA1 3.0.0
2022-03-31 11:43:01,419 [INFO] ThirdParty:899 - CMSIS Pack Vendor :STMicroelectronics X-CUBE-MEMS1 8.3.0
2022-03-31 11:43:01,419 [INFO] ThirdParty:899 - CMSIS Pack Vendor :STMicroelectronics FreeRTOS 0.0.1
2022-03-31 11:43:01,419 [INFO] ThirdParty:899 - CMSIS Pack Vendor :STMicroelectronics X-CUBE-ALGOBUILD 1.2.0
2022-03-31 11:43:01,419 [INFO] ThirdParty:899 - CMSIS Pack Vendor :STMicroelectronics X-CUBE-EEPRMA1 3.1.1
2022-03-31 11:43:01,419 [INFO] ThirdParty:899 - CMSIS Pack Vendor :STMicroelectronics X-CUBE-GNSS1 5.2.0
2022-03-31 11:43:01,419 [INFO] ThirdParty:899 - CMSIS Pack Vendor :STMicroelectronics X-CUBE-BLE1 6.1.0
2022-03-31 11:43:01,419 [INFO] ThirdParty:899 - CMSIS Pack Vendor :STMicroelectronics X-CUBE-NFC7 1.0.0
2022-03-31 11:43:01,419 [INFO] ThirdParty:899 - CMSIS Pack Vendor :STMicroelectronics X-CUBE-SUBG2 4.0.0
2022-03-31 11:43:01,419 [INFO] ThirdParty:899 - CMSIS Pack Vendor :STMicroelectronics X-CUBE-BLE2 3.2.2
2022-03-31 11:43:01,419 [INFO] ThirdParty:899 - CMSIS Pack Vendor :STMicroelectronics X-CUBE-NFC4 2.0.3
2022-03-31 11:43:01,419 [INFO] ThirdParty:899 - CMSIS Pack Vendor :STMicroelectronics X-CUBE-NFC4 2.0.2
2022-03-31 11:43:01,420 [INFO] ThirdParty:899 - CMSIS Pack Vendor :STMicroelectronics X-CUBE-MEMS1 9.1.0
2022-03-31 11:43:01,420 [INFO] ThirdParty:899 - CMSIS Pack Vendor :wolfSSL I-CUBE-wolfSSL 4.7.0
2022-03-31 11:43:01,420 [INFO] ThirdParty:899 - CMSIS Pack Vendor :STMicroelectronics X-CUBE-TOF1 1.0.0
2022-03-31 11:43:01,420 [INFO] ThirdParty:899 - CMSIS Pack Vendor :STMicroelectronics X-CUBE-BLE2 3.2.0
2022-03-31 11:43:01,545 [INFO] PinOutPanel:1399 - setPackage(No Configuration,No Configuration)
2022-03-31 11:43:01,547 [INFO] PinOutPanel:1399 - setPackage(STM32F103RBTx,LQFP64)
2022-03-31 11:43:01,779 [INFO] UtilMem:74 - Before build in PCC Used Memory: 493130456 Bytes (822083584)
2022-03-31 11:43:01,914 [INFO] SharedServices:71 - Folder for power plug-in: C:/Users/user/.stm32cubemx/plugins/power
2022-03-31 11:43:01,914 [INFO] UtilMem:74 - After build in PCC Used Memory: 507288272 Bytes (822083584)
2022-03-31 11:43:01,925 [INFO] IPUIPlugin:65 - create IPUIPlugin
2022-03-31 11:43:01,925 [INFO] IPUIPlugin:65 - create IPUIPlugin
2022-03-31 11:43:01,925 [INFO] IPUIPlugin:65 - create IPUIPlugin
2022-03-31 11:43:01,925 [INFO] IPUIPlugin:65 - create IPUIPlugin
2022-03-31 11:43:01,925 [INFO] IPUIPlugin:65 - create IPUIPlugin
2022-03-31 11:43:01,925 [INFO] IPUIPlugin:65 - create IPUIPlugin
2022-03-31 11:43:01,925 [INFO] IPUIPlugin:65 - create IPUIPlugin
2022-03-31 11:43:01,926 [INFO] IPUIPlugin:65 - create IPUIPlugin
2022-03-31 11:43:01,926 [INFO] IPUIPlugin:65 - create IPUIPlugin
2022-03-31 11:43:01,926 [INFO] IPUIPlugin:65 - create IPUIPlugin
2022-03-31 11:43:01,926 [INFO] IPUIPlugin:65 - create IPUIPlugin
2022-03-31 11:43:01,926 [INFO] IPUIPlugin:65 - create IPUIPlugin
2022-03-31 11:43:01,926 [INFO] IPUIPlugin:65 - create IPUIPlugin
2022-03-31 11:43:01,926 [INFO] IPUIPlugin:65 - create IPUIPlugin
2022-03-31 11:43:01,926 [INFO] IPUIPlugin:65 - create IPUIPlugin
2022-03-31 11:43:01,926 [INFO] IPUIPlugin:65 - create IPUIPlugin
2022-03-31 11:43:01,926 [INFO] IPUIPlugin:65 - create IPUIPlugin
2022-03-31 11:43:01,927 [INFO] IPUIPlugin:65 - create IPUIPlugin
2022-03-31 11:43:01,927 [INFO] IPUIPlugin:65 - create IPUIPlugin
2022-03-31 11:43:01,927 [INFO] IPUIPlugin:65 - create IPUIPlugin
2022-03-31 11:43:01,927 [INFO] IPUIPlugin:65 - create IPUIPlugin
2022-03-31 11:43:01,927 [INFO] IPUIPlugin:65 - create IPUIPlugin
2022-03-31 11:43:01,927 [INFO] IPUIPlugin:65 - create IPUIPlugin
2022-03-31 11:43:01,927 [INFO] IPUIPlugin:65 - create IPUIPlugin
2022-03-31 11:43:01,927 [INFO] IPUIPlugin:65 - create IPUIPlugin
2022-03-31 11:43:01,927 [INFO] IPUIPlugin:65 - create IPUIPlugin
2022-03-31 11:43:01,927 [INFO] IPUIPlugin:65 - create IPUIPlugin
2022-03-31 11:43:01,944 [INFO] LogOutputStream:76 - [STDOUT_REDIRECT] toolchainItems.length=====1
2022-03-31 11:43:01,987 [INFO] OpenFileManager:294 - Restore cursor
2022-03-31 11:43:02,100 [INFO] UtilMem:74 - End SaveConfig() Used Memory: 537360208 Bytes (822083584)
2022-03-31 11:43:02,118 [INFO] UtilMem:74 - End SaveConfig() Used Memory: 540842704 Bytes (822083584)
2022-03-31 11:43:02,441 [INFO] BlockDiagram:2751 - set Specific Code input for plugin: NVIC
2022-03-31 11:43:02,442 [INFO] BlockDiagram:2751 - set Specific Code input for plugin: USART
2022-03-31 11:43:02,442 [INFO] BlockDiagram:2751 - set Specific Code input for plugin: SYS
2022-03-31 11:43:02,443 [INFO] BlockDiagram:2751 - set Specific Code input for plugin: GPIO
2022-03-31 11:43:02,443 [INFO] BlockDiagram:2751 - set Specific Code input for plugin: RCC
2022-03-31 11:43:02,444 [INFO] CodeGenerator:601 - code generatio: config db path: C:\ST\STM32CubeIDE_1.2.0\STM32CubeIDE\plugins\com.st.stm32cube.common.mx_5.5.0.201912201511\\db\
2022-03-31 11:43:02,687 [INFO] CodeEngine:193 - oldGeneratedFile, C:\a14\a14-05-uartTRXmode\MXTmpFiles\license.tmp_save
2022-03-31 11:43:02,867 [INFO] CodeEngine:211 - Generated code: C:\a14\a14-05-uartTRXmode\MXTmpFiles\license.tmp
2022-03-31 11:43:02,919 [INFO] CodeEngine:193 - oldGeneratedFile, C:\a14\a14-05-uartTRXmode\MXTmpFiles\gpio.tmp_save
2022-03-31 11:43:03,063 [INFO] CodeEngine:211 - Generated code: C:\a14\a14-05-uartTRXmode\MXTmpFiles\gpio.tmp
2022-03-31 11:43:03,161 [INFO] LogOutputStream:76 - [STDOUT_REDIRECT] Command line
2022-03-31 11:43:03,162 [INFO] LogOutputStream:76 - [STDOUT_REDIRECT] Debug : prepare data for USART
2022-03-31 11:43:03,163 [INFO] LogOutputStream:76 - [STDOUT_REDIRECT] Command line test
2022-03-31 11:43:03,165 [INFO] LogOutputStream:76 - [STDOUT_REDIRECT] Debug : prepare data for NVIC
2022-03-31 11:43:03,167 [INFO] LogOutputStream:76 - [STDOUT_REDIRECT] Command line test
2022-03-31 11:43:03,173 [INFO] CodeEngine:193 - oldGeneratedFile, C:\a14\a14-05-uartTRXmode\Core\Src\stm32f1xx_it.c_save
2022-03-31 11:43:03,283 [INFO] CodeEngine:211 - Generated code: C:\a14\a14-05-uartTRXmode\Core\Src\stm32f1xx_it.c
2022-03-31 11:43:03,287 [INFO] CodeEngine:193 - oldGeneratedFile, C:\a14\a14-05-uartTRXmode\Core\Inc\stm32f1xx_it.h_save
2022-03-31 11:43:03,350 [INFO] CodeEngine:211 - Generated code: C:\a14\a14-05-uartTRXmode\Core\Inc\stm32f1xx_it.h
2022-03-31 11:43:03,356 [INFO] CodeEngine:193 - oldGeneratedFile, C:\a14\a14-05-uartTRXmode\Core\Src\stm32f1xx_hal_msp.c_save
2022-03-31 11:43:03,454 [INFO] CodeEngine:211 - Generated code: C:\a14\a14-05-uartTRXmode\Core\Src\stm32f1xx_hal_msp.c
2022-03-31 11:43:03,459 [INFO] CodeEngine:193 - oldGeneratedFile, C:\a14\a14-05-uartTRXmode\MXTmpFiles\system.tmp_save
2022-03-31 11:43:03,511 [INFO] CodeEngine:211 - Generated code: C:\a14\a14-05-uartTRXmode\MXTmpFiles\system.tmp
2022-03-31 11:43:03,515 [INFO] CodeEngine:193 - oldGeneratedFile, C:\a14\a14-05-uartTRXmode\Core\Inc\stm32f1xx_hal_conf.h_save
2022-03-31 11:43:03,577 [INFO] CodeEngine:211 - Generated code: C:\a14\a14-05-uartTRXmode\Core\Inc\stm32f1xx_hal_conf.h
2022-03-31 11:43:03,589 [WARN] IPConfigManager:2706 - IP not found : gpio
2022-03-31 11:43:03,589 [WARN] CodeGenerator:2776 - IP not found : gpio
2022-03-31 11:43:03,592 [INFO] CodeEngine:193 - oldGeneratedFile, C:\a14\a14-05-uartTRXmode\Core\Inc\main.h_save
2022-03-31 11:43:03,653 [INFO] CodeEngine:211 - Generated code: C:\a14\a14-05-uartTRXmode\Core\Inc\main.h
2022-03-31 11:43:03,657 [INFO] CodeEngine:193 - oldGeneratedFile, C:\a14\a14-05-uartTRXmode\Core\Src\main.c_save
2022-03-31 11:43:03,743 [INFO] CodeEngine:211 - Generated code: C:\a14\a14-05-uartTRXmode\Core\Src\main.c
2022-03-31 11:43:04,102 [INFO] ProjectBuilder:1843 - Time for Copy HAL[1] : 24mS.
2022-03-31 11:43:04,104 [INFO] ProjectBuilder:2428 - Project Generator version: 3.6.0
2022-03-31 11:43:04,349 [INFO] ConfigFileManager:1043 - The Die is : DIE410
2022-03-31 11:43:06,403 [INFO] ProjectBuilder:2595 - Time for Generating toolchain IDE Files: 2299mS.
2022-03-31 11:43:06,404 [INFO] ProjectBuilder:1703 - Time for Copy CMSIS : 1mS.
2022-03-31 11:43:06,406 [INFO] ProjectBuilder:1703 - Time for Copy CMSIS : 1mS.
2022-03-31 11:43:14,295 [INFO] NvicIntPanel:88 - NVIC parent = com.st.microxplorer.plugins.ip.nvic.MultiNvicIntPanel[,0,0,0x0,invalid,layout=javax.swing.BoxLayout,alignmentX=0.0,alignmentY=0.0,border=,flags=9,maximumSize=,minimumSize=,preferredSize=]
2022-03-31 11:43:15,681 [INFO] NvicIntPanel:88 - NVIC parent = com.st.microxplorer.plugins.ip.nvic.MultiNvicIntPanel[,0,0,0x0,invalid,layout=javax.swing.BoxLayout,alignmentX=0.0,alignmentY=0.0,border=,flags=9,maximumSize=,minimumSize=,preferredSize=]
2022-03-31 11:43:32,349 [INFO] NvicIntPanel:88 - NVIC parent = com.st.microxplorer.plugins.ip.nvic.MultiNvicIntPanel[,0,0,450x421,layout=javax.swing.BoxLayout,alignmentX=0.0,alignmentY=0.0,border=,flags=9,maximumSize=,minimumSize=,preferredSize=]
2022-03-31 11:43:33,193 [INFO] NvicIntPanel:88 - NVIC parent = com.st.microxplorer.plugins.ip.nvic.MultiNvicIntPanel[,0,0,0x0,invalid,layout=javax.swing.BoxLayout,alignmentX=0.0,alignmentY=0.0,border=,flags=9,maximumSize=,minimumSize=,preferredSize=]
2022-03-31 11:45:06,471 [INFO] UtilMem:74 - End SaveConfig() Used Memory: 767252112 Bytes (1023410176)
2022-03-31 11:45:07,848 [INFO] UtilMem:74 - End SaveConfig() Used Memory: 775274664 Bytes (1023410176)
2022-03-31 11:45:07,983 [INFO] UtilMem:74 - End SaveConfig() Used Memory: 797410432 Bytes (1023410176)
2022-03-31 11:45:08,101 [INFO] BlockDiagram:2751 - set Specific Code input for plugin: NVIC
2022-03-31 11:45:08,102 [INFO] BlockDiagram:2751 - set Specific Code input for plugin: USART
2022-03-31 11:45:08,102 [INFO] BlockDiagram:2751 - set Specific Code input for plugin: TIM1_8F1
2022-03-31 11:45:08,102 [INFO] BlockDiagram:2751 - set Specific Code input for plugin: TIM1_8F1
2022-03-31 11:45:08,102 [INFO] BlockDiagram:2751 - set Specific Code input for plugin: SYS
2022-03-31 11:45:08,102 [INFO] BlockDiagram:2751 - set Specific Code input for plugin: GPIO
2022-03-31 11:45:08,102 [INFO] BlockDiagram:2751 - set Specific Code input for plugin: RCC
2022-03-31 11:45:08,103 [INFO] CodeGenerator:601 - code generatio: config db path: C:\ST\STM32CubeIDE_1.2.0\STM32CubeIDE\plugins\com.st.stm32cube.common.mx_5.5.0.201912201511\\db\
2022-03-31 11:45:08,300 [INFO] CodeEngine:193 - oldGeneratedFile, C:\a14\a14-05-uartTRXmode\MXTmpFiles\license.tmp_save
2022-03-31 11:45:08,356 [INFO] CodeEngine:211 - Generated code: C:\a14\a14-05-uartTRXmode\MXTmpFiles\license.tmp
2022-03-31 11:45:08,369 [INFO] CodeEngine:193 - oldGeneratedFile, C:\a14\a14-05-uartTRXmode\MXTmpFiles\gpio.tmp_save
2022-03-31 11:45:08,424 [INFO] CodeEngine:211 - Generated code: C:\a14\a14-05-uartTRXmode\MXTmpFiles\gpio.tmp
2022-03-31 11:45:08,477 [INFO] LogOutputStream:76 - [STDOUT_REDIRECT] Command line
2022-03-31 11:45:08,478 [INFO] LogOutputStream:76 - [STDOUT_REDIRECT] Debug : prepare data for TIM
2022-03-31 11:45:08,478 [INFO] LogOutputStream:76 - [STDOUT_REDIRECT] Command line test
2022-03-31 11:45:08,479 [INFO] LogOutputStream:76 - [STDOUT_REDIRECT] Command line
2022-03-31 11:45:08,480 [INFO] LogOutputStream:76 - [STDOUT_REDIRECT] Debug : prepare data for USART
2022-03-31 11:45:08,480 [INFO] LogOutputStream:76 - [STDOUT_REDIRECT] Command line test
2022-03-31 11:45:08,481 [INFO] LogOutputStream:76 - [STDOUT_REDIRECT] Debug : prepare data for NVIC
2022-03-31 11:45:08,482 [INFO] LogOutputStream:76 - [STDOUT_REDIRECT] Command line test
2022-03-31 11:45:08,487 [INFO] CodeEngine:193 - oldGeneratedFile, C:\a14\a14-05-uartTRXmode\Core\Src\stm32f1xx_it.c_save
2022-03-31 11:45:08,573 [INFO] CodeEngine:211 - Generated code: C:\a14\a14-05-uartTRXmode\Core\Src\stm32f1xx_it.c
2022-03-31 11:45:08,577 [INFO] CodeEngine:193 - oldGeneratedFile, C:\a14\a14-05-uartTRXmode\Core\Inc\stm32f1xx_it.h_save
2022-03-31 11:45:08,615 [INFO] CodeEngine:211 - Generated code: C:\a14\a14-05-uartTRXmode\Core\Inc\stm32f1xx_it.h
2022-03-31 11:45:08,621 [INFO] CodeEngine:193 - oldGeneratedFile, C:\a14\a14-05-uartTRXmode\Core\Src\stm32f1xx_hal_msp.c_save
2022-03-31 11:45:08,684 [INFO] CodeEngine:211 - Generated code: C:\a14\a14-05-uartTRXmode\Core\Src\stm32f1xx_hal_msp.c
2022-03-31 11:45:08,686 [INFO] CodeEngine:193 - oldGeneratedFile, C:\a14\a14-05-uartTRXmode\MXTmpFiles\system.tmp_save
2022-03-31 11:45:08,723 [INFO] CodeEngine:211 - Generated code: C:\a14\a14-05-uartTRXmode\MXTmpFiles\system.tmp
2022-03-31 11:45:08,728 [INFO] CodeEngine:193 - oldGeneratedFile, C:\a14\a14-05-uartTRXmode\Core\Inc\stm32f1xx_hal_conf.h_save
2022-03-31 11:45:08,773 [INFO] CodeEngine:211 - Generated code: C:\a14\a14-05-uartTRXmode\Core\Inc\stm32f1xx_hal_conf.h
2022-03-31 11:45:08,779 [WARN] IPConfigManager:2706 - IP not found : TIM
2022-03-31 11:45:08,779 [WARN] IPConfigManager:2706 - IP not found : gpio
2022-03-31 11:45:08,779 [WARN] CodeGenerator:2776 - IP not found : TIM
2022-03-31 11:45:08,779 [WARN] CodeGenerator:2776 - IP not found : gpio
2022-03-31 11:45:08,784 [INFO] CodeEngine:193 - oldGeneratedFile, C:\a14\a14-05-uartTRXmode\Core\Inc\main.h_save
2022-03-31 11:45:08,828 [INFO] CodeEngine:211 - Generated code: C:\a14\a14-05-uartTRXmode\Core\Inc\main.h
2022-03-31 11:45:08,833 [INFO] CodeEngine:193 - oldGeneratedFile, C:\a14\a14-05-uartTRXmode\Core\Src\main.c_save
2022-03-31 11:45:08,925 [INFO] CodeEngine:211 - Generated code: C:\a14\a14-05-uartTRXmode\Core\Src\main.c
2022-03-31 11:45:09,337 [INFO] ProjectBuilder:1843 - Time for Copy HAL[1] : 32mS.
2022-03-31 11:45:09,338 [INFO] ProjectBuilder:2428 - Project Generator version: 3.6.0
2022-03-31 11:45:09,500 [INFO] ConfigFileManager:1043 - The Die is : DIE410
2022-03-31 11:45:10,447 [INFO] ProjectBuilder:2595 - Time for Generating toolchain IDE Files: 1109mS.
2022-03-31 11:45:10,448 [INFO] ProjectBuilder:1703 - Time for Copy CMSIS : 1mS.
2022-03-31 11:45:10,449 [INFO] ProjectBuilder:1703 - Time for Copy CMSIS : 0mS.
